Move 1:
Player1: 10,10
Time: 0.124ms
--------------------
--------------------
--------------------
--------------------
--------------------
--------------------
--------------------
--------------------
--------------------
--------------------
----------[32mO[m---------
--------------------
--------------------
--------------------
--------------------
--------------------
--------------------
--------------------
--------------------
--------------------


Move 2:
Player2: 10,11
Time: 1568.047ms
--------------------
--------------------
--------------------
--------------------
--------------------
--------------------
--------------------
--------------------
--------------------
--------------------
----------[34mO[m[32mX[m--------
--------------------
--------------------
--------------------
--------------------
--------------------
--------------------
--------------------
--------------------
--------------------


Move 3:
Player1: 9,11
Time: 1519.955ms
--------------------
--------------------
--------------------
--------------------
--------------------
--------------------
--------------------
--------------------
--------------------
-----------[32mO[m--------
----------[34mO[m[31mX[m--------
--------------------
--------------------
--------------------
--------------------
--------------------
--------------------
--------------------
--------------------
--------------------


Move 4:
Player2: 8,12
Time: 1413.370ms
--------------------
--------------------
--------------------
--------------------
--------------------
--------------------
--------------------
--------------------
------------[32mX[m-------
-----------[34mO[m--------
----------[34mO[m[31mX[m--------
--------------------
--------------------
--------------------
--------------------
--------------------
--------------------
--------------------
--------------------
--------------------


Move 5:
Player1: 11,9
Time: 1986.834ms
--------------------
--------------------
--------------------
--------------------
--------------------
--------------------
--------------------
--------------------
------------[31mX[m-------
-----------[34mO[m--------
----------[34mO[m[31mX[m--------
---------[32mO[m----------
--------------------
--------------------
--------------------
--------------------
--------------------
--------------------
--------------------
--------------------


Move 6:
Player2: 12,8
Time: 1974.040ms
--------------------
--------------------
--------------------
--------------------
--------------------
--------------------
--------------------
--------------------
------------[31mX[m-------
-----------[34mO[m--------
----------[34mO[m[31mX[m--------
---------[34mO[m----------
--------[32mX[m-----------
--------------------
--------------------
--------------------
--------------------
--------------------
--------------------
--------------------


Move 7:
Player1: 12,9
Time: 1989.437ms
--------------------
--------------------
--------------------
--------------------
--------------------
--------------------
--------------------
--------------------
------------[31mX[m-------
-----------[34mO[m--------
----------[34mO[m[31mX[m--------
---------[34mO[m----------
--------[31mX[m[32mO[m----------
--------------------
--------------------
--------------------
--------------------
--------------------
--------------------
--------------------


Move 8:
Player2: 10,9
Time: 1988.587ms
--------------------
--------------------
--------------------
--------------------
--------------------
--------------------
--------------------
--------------------
------------[31mX[m-------
-----------[34mO[m--------
---------[32mX[m[34mO[m[31mX[m--------
---------[34mO[m----------
--------[31mX[m[34mO[m----------
--------------------
--------------------
--------------------
--------------------
--------------------
--------------------
--------------------


Move 9:
Player1: 13,9
Time: 1983.305ms
--------------------
--------------------
--------------------
--------------------
--------------------
--------------------
--------------------
--------------------
------------[31mX[m-------
-----------[34mO[m--------
---------[31mX[m[34mO[m[31mX[m--------
---------[34mO[m----------
--------[31mX[m[34mO[m----------
---------[32mO[m----------
--------------------
--------------------
--------------------
--------------------
--------------------
--------------------


Move 10:
Player2: 14,9
Time: 1982.260ms
--------------------
--------------------
--------------------
--------------------
--------------------
--------------------
--------------------
--------------------
------------[31mX[m-------
-----------[34mO[m--------
---------[31mX[m[34mO[m[31mX[m--------
---------[34mO[m----------
--------[31mX[m[34mO[m----------
---------[34mO[m----------
---------[32mX[m----------
--------------------
--------------------
--------------------
--------------------
--------------------


Move 11:
Player1: 13,8
Time: 1997.394ms
--------------------
--------------------
--------------------
--------------------
--------------------
--------------------
--------------------
--------------------
------------[31mX[m-------
-----------[34mO[m--------
---------[31mX[m[34mO[m[31mX[m--------
---------[34mO[m----------
--------[31mX[m[34mO[m----------
--------[32mO[m[34mO[m----------
---------[31mX[m----------
--------------------
--------------------
--------------------
--------------------
--------------------


Move 12:
Player2: 13,10
Time: 1992.880ms
--------------------
--------------------
--------------------
--------------------
--------------------
--------------------
--------------------
--------------------
------------[31mX[m-------
-----------[34mO[m--------
---------[31mX[m[34mO[m[31mX[m--------
---------[34mO[m----------
--------[31mX[m[34mO[m----------
--------[34mO[m[34mO[m[32mX[m---------
---------[31mX[m----------
--------------------
--------------------
--------------------
--------------------
--------------------


Move 13:
Player1: 12,11
Time: 1986.564ms
--------------------
--------------------
--------------------
--------------------
--------------------
--------------------
--------------------
--------------------
------------[31mX[m-------
-----------[34mO[m--------
---------[31mX[m[34mO[m[31mX[m--------
---------[34mO[m----------
--------[31mX[m[34mO[m-[32mO[m--------
--------[34mO[m[34mO[m[31mX[m---------
---------[31mX[m----------
--------------------
--------------------
--------------------
--------------------
--------------------


Move 14:
Player2: 14,7
Time: 2004.251ms
--------------------
--------------------
--------------------
--------------------
--------------------
--------------------
--------------------
--------------------
------------[31mX[m-------
-----------[34mO[m--------
---------[31mX[m[34mO[m[31mX[m--------
---------[34mO[m----------
--------[31mX[m[34mO[m-[34mO[m--------
--------[34mO[m[34mO[m[31mX[m---------
-------[32mX[m-[31mX[m----------
--------------------
--------------------
--------------------
--------------------
--------------------


Move 15:
Player1: 14,8
Time: 2025.453ms
--------------------
--------------------
--------------------
--------------------
--------------------
--------------------
--------------------
--------------------
------------[31mX[m-------
-----------[34mO[m--------
---------[31mX[m[34mO[m[31mX[m--------
---------[34mO[m----------
--------[31mX[m[34mO[m-[34mO[m--------
--------[34mO[m[34mO[m[31mX[m---------
-------[31mX[m[32mO[m[31mX[m----------
--------------------
--------------------
--------------------
--------------------
--------------------


Move 16:
Player2: 12,10
Time: 2043.264ms
--------------------
--------------------
--------------------
--------------------
--------------------
--------------------
--------------------
--------------------
------------[31mX[m-------
-----------[34mO[m--------
---------[31mX[m[34mO[m[31mX[m--------
---------[34mO[m----------
--------[31mX[m[34mO[m[32mX[m[34mO[m--------
--------[34mO[m[34mO[m[31mX[m---------
-------[31mX[m[34mO[m[31mX[m----------
--------------------
--------------------
--------------------
--------------------
--------------------


Move 17:
Player1: 14,10
Time: 2023.256ms
--------------------
--------------------
--------------------
--------------------
--------------------
--------------------
--------------------
--------------------
------------[31mX[m-------
-----------[34mO[m--------
---------[31mX[m[34mO[m[31mX[m--------
---------[34mO[m----------
--------[31mX[m[34mO[m[31mX[m[34mO[m--------
--------[34mO[m[34mO[m[31mX[m---------
-------[31mX[m[34mO[m[31mX[m[32mO[m---------
--------------------
--------------------
--------------------
--------------------
--------------------


Move 18:
Player2: 15,8
Time: 2026.736ms
--------------------
--------------------
--------------------
--------------------
--------------------
--------------------
--------------------
--------------------
------------[31mX[m-------
-----------[34mO[m--------
---------[31mX[m[34mO[m[31mX[m--------
---------[34mO[m----------
--------[31mX[m[34mO[m[31mX[m[34mO[m--------
--------[34mO[m[34mO[m[31mX[m---------
-------[31mX[m[34mO[m[31mX[m[34mO[m---------
--------[32mX[m-----------
--------------------
--------------------
--------------------
--------------------


Move 19:
Player1: 16,7
Time: 2023.710ms
--------------------
--------------------
--------------------
--------------------
--------------------
--------------------
--------------------
--------------------
------------[31mX[m-------
-----------[34mO[m--------
---------[31mX[m[34mO[m[31mX[m--------
---------[34mO[m----------
--------[31mX[m[34mO[m[31mX[m[34mO[m--------
--------[34mO[m[34mO[m[31mX[m---------
-------[31mX[m[34mO[m[31mX[m[34mO[m---------
--------[31mX[m-----------
-------[32mO[m------------
--------------------
--------------------
--------------------


Move 20:
Player2: 13,6
Time: 2026.321ms
--------------------
--------------------
--------------------
--------------------
--------------------
--------------------
--------------------
--------------------
------------[31mX[m-------
-----------[34mO[m--------
---------[31mX[m[34mO[m[31mX[m--------
---------[34mO[m----------
--------[31mX[m[34mO[m[31mX[m[34mO[m--------
------[32mX[m-[34mO[m[34mO[m[31mX[m---------
-------[31mX[m[34mO[m[31mX[m[34mO[m---------
--------[31mX[m-----------
-------[34mO[m------------
--------------------
--------------------
--------------------


Move 21:
Player1: 12,5
Time: 2043.659ms
--------------------
--------------------
--------------------
--------------------
--------------------
--------------------
--------------------
--------------------
------------[31mX[m-------
-----------[34mO[m--------
---------[31mX[m[34mO[m[31mX[m--------
---------[34mO[m----------
-----[32mO[m--[31mX[m[34mO[m[31mX[m[34mO[m--------
------[31mX[m-[34mO[m[34mO[m[31mX[m---------
-------[31mX[m[34mO[m[31mX[m[34mO[m---------
--------[31mX[m-----------
-------[34mO[m------------
--------------------
--------------------
--------------------


Move 22:
Player2: 16,9
Time: 2033.489ms
--------------------
--------------------
--------------------
--------------------
--------------------
--------------------
--------------------
--------------------
------------[31mX[m-------
-----------[34mO[m--------
---------[31mX[m[34mO[m[31mX[m--------
---------[34mO[m----------
-----[34mO[m--[31mX[m[34mO[m[31mX[m[34mO[m--------
------[31mX[m-[34mO[m[34mO[m[31mX[m---------
-------[31mX[m[34mO[m[31mX[m[34mO[m---------
--------[31mX[m-----------
-------[34mO[m-[32mX[m----------
--------------------
--------------------
--------------------


Move 23:
Player1: 17,10
Time: 2048.593ms
--------------------
--------------------
--------------------
--------------------
--------------------
--------------------
--------------------
--------------------
------------[31mX[m-------
-----------[34mO[m--------
---------[31mX[m[34mO[m[31mX[m--------
---------[34mO[m----------
-----[34mO[m--[31mX[m[34mO[m[31mX[m[34mO[m--------
------[31mX[m-[34mO[m[34mO[m[31mX[m---------
-------[31mX[m[34mO[m[31mX[m[34mO[m---------
--------[31mX[m-----------
-------[34mO[m-[31mX[m----------
----------[32mO[m---------
--------------------
--------------------


Move 24:
Player2: 15,7
Time: 2042.639ms
--------------------
--------------------
--------------------
--------------------
--------------------
--------------------
--------------------
--------------------
------------[31mX[m-------
-----------[34mO[m--------
---------[31mX[m[34mO[m[31mX[m--------
---------[34mO[m----------
-----[34mO[m--[31mX[m[34mO[m[31mX[m[34mO[m--------
------[31mX[m-[34mO[m[34mO[m[31mX[m---------
-------[31mX[m[34mO[m[31mX[m[34mO[m---------
-------[32mX[m[31mX[m-----------
-------[34mO[m-[31mX[m----------
----------[34mO[m---------
--------------------
--------------------


Move 25:
Player1: 15,9
Time: 2041.934ms
--------------------
--------------------
--------------------
--------------------
--------------------
--------------------
--------------------
--------------------
------------[31mX[m-------
-----------[34mO[m--------
---------[31mX[m[34mO[m[31mX[m--------
---------[34mO[m----------
-----[34mO[m--[31mX[m[34mO[m[31mX[m[34mO[m--------
------[31mX[m-[34mO[m[34mO[m[31mX[m---------
-------[31mX[m[34mO[m[31mX[m[34mO[m---------
-------[31mX[m[31mX[m[32mO[m----------
-------[34mO[m-[31mX[m----------
----------[34mO[m---------
--------------------
--------------------


Move 26:
Player2: 13,7
Time: 2070.439ms
--------------------
--------------------
--------------------
--------------------
--------------------
--------------------
--------------------
--------------------
------------[31mX[m-------
-----------[34mO[m--------
---------[31mX[m[34mO[m[31mX[m--------
---------[34mO[m----------
-----[34mO[m--[31mX[m[34mO[m[31mX[m[34mO[m--------
------[31mX[m[32mX[m[34mO[m[34mO[m[31mX[m---------
-------[31mX[m[34mO[m[31mX[m[34mO[m---------
-------[31mX[m[31mX[m[34mO[m----------
-------[34mO[m-[31mX[m----------
----------[34mO[m---------
--------------------
--------------------


Move 27:
Player1: 12,7
Time: 2122.856ms
--------------------
--------------------
--------------------
--------------------
--------------------
--------------------
--------------------
--------------------
------------[31mX[m-------
-----------[34mO[m--------
---------[31mX[m[34mO[m[31mX[m--------
---------[34mO[m----------
-----[34mO[m-[32mO[m[31mX[m[34mO[m[31mX[m[34mO[m--------
------[31mX[m[31mX[m[34mO[m[34mO[m[31mX[m---------
-------[31mX[m[34mO[m[31mX[m[34mO[m---------
-------[31mX[m[31mX[m[34mO[m----------
-------[34mO[m-[31mX[m----------
----------[34mO[m---------
--------------------
--------------------


Move 28:
Player2: 16,8
Time: 2105.345ms
--------------------
--------------------
--------------------
--------------------
--------------------
--------------------
--------------------
--------------------
------------[31mX[m-------
-----------[34mO[m--------
---------[31mX[m[34mO[m[31mX[m--------
---------[34mO[m----------
-----[34mO[m-[34mO[m[31mX[m[34mO[m[31mX[m[34mO[m--------
------[31mX[m[31mX[m[34mO[m[34mO[m[31mX[m---------
-------[31mX[m[34mO[m[31mX[m[34mO[m---------
-------[31mX[m[31mX[m[34mO[m----------
-------[34mO[m[32mX[m[31mX[m----------
----------[34mO[m---------
--------------------
--------------------


Move 29:
Player1: 14,6
Time: 2108.936ms
--------------------
--------------------
--------------------
--------------------
--------------------
--------------------
--------------------
--------------------
------------[31mX[m-------
-----------[34mO[m--------
---------[31mX[m[34mO[m[31mX[m--------
---------[34mO[m----------
-----[34mO[m-[34mO[m[31mX[m[34mO[m[31mX[m[34mO[m--------
------[31mX[m[31mX[m[34mO[m[34mO[m[31mX[m---------
------[32mO[m[31mX[m[34mO[m[31mX[m[34mO[m---------
-------[31mX[m[31mX[m[34mO[m----------
-------[34mO[m[31mX[m[31mX[m----------
----------[34mO[m---------
--------------------
--------------------


Move 30:
Player2: 16,10
Time: 2131.952ms
--------------------
--------------------
--------------------
--------------------
--------------------
--------------------
--------------------
--------------------
------------[31mX[m-------
-----------[34mO[m--------
---------[31mX[m[34mO[m[31mX[m--------
---------[34mO[m----------
-----[34mO[m-[34mO[m[31mX[m[34mO[m[31mX[m[34mO[m--------
------[31mX[m[31mX[m[34mO[m[34mO[m[31mX[m---------
------[34mO[m[31mX[m[34mO[m[31mX[m[34mO[m---------
-------[31mX[m[31mX[m[34mO[m----------
-------[34mO[m[31mX[m[31mX[m[32mX[m---------
----------[34mO[m---------
--------------------
--------------------


Move 31:
Player1: 16,11
Time: 2133.088ms
--------------------
--------------------
--------------------
--------------------
--------------------
--------------------
--------------------
--------------------
------------[31mX[m-------
-----------[34mO[m--------
---------[31mX[m[34mO[m[31mX[m--------
---------[34mO[m----------
-----[34mO[m-[34mO[m[31mX[m[34mO[m[31mX[m[34mO[m--------
------[31mX[m[31mX[m[34mO[m[34mO[m[31mX[m---------
------[34mO[m[31mX[m[34mO[m[31mX[m[34mO[m---------
-------[31mX[m[31mX[m[34mO[m----------
-------[34mO[m[31mX[m[31mX[m[31mX[m[32mO[m--------
----------[34mO[m---------
--------------------
--------------------


Move 32:
Player2: 15,12
Time: 2128.936ms
--------------------
--------------------
--------------------
--------------------
--------------------
--------------------
--------------------
--------------------
------------[31mX[m-------
-----------[34mO[m--------
---------[31mX[m[34mO[m[31mX[m--------
---------[34mO[m----------
-----[34mO[m-[34mO[m[31mX[m[34mO[m[31mX[m[34mO[m--------
------[31mX[m[31mX[m[34mO[m[34mO[m[31mX[m---------
------[34mO[m[31mX[m[34mO[m[31mX[m[34mO[m---------
-------[31mX[m[31mX[m[34mO[m--[32mX[m-------
-------[34mO[m[31mX[m[31mX[m[31mX[m[34mO[m--------
----------[34mO[m---------
--------------------
--------------------


Move 33:
Player1: 17,9
Time: 2137.519ms
--------------------
--------------------
--------------------
--------------------
--------------------
--------------------
--------------------
--------------------
------------[31mX[m-------
-----------[34mO[m--------
---------[31mX[m[34mO[m[31mX[m--------
---------[34mO[m----------
-----[34mO[m-[34mO[m[31mX[m[34mO[m[31mX[m[34mO[m--------
------[31mX[m[31mX[m[34mO[m[34mO[m[31mX[m---------
------[34mO[m[31mX[m[34mO[m[31mX[m[34mO[m---------
-------[31mX[m[31mX[m[34mO[m--[31mX[m-------
-------[34mO[m[31mX[m[31mX[m[31mX[m[34mO[m--------
---------[32mO[m[34mO[m---------
--------------------
--------------------


Move 34:
Player2: 17,8
Time: 2143.355ms
--------------------
--------------------
--------------------
--------------------
--------------------
--------------------
--------------------
--------------------
------------[31mX[m-------
-----------[34mO[m--------
---------[31mX[m[34mO[m[31mX[m--------
---------[34mO[m----------
-----[34mO[m-[34mO[m[31mX[m[34mO[m[31mX[m[34mO[m--------
------[31mX[m[31mX[m[34mO[m[34mO[m[31mX[m---------
------[34mO[m[31mX[m[34mO[m[31mX[m[34mO[m---------
-------[31mX[m[31mX[m[34mO[m--[31mX[m-------
-------[34mO[m[31mX[m[31mX[m[31mX[m[34mO[m--------
--------[32mX[m[34mO[m[34mO[m---------
--------------------
--------------------


Move 35:
Player1: 18,8
Time: 2192.677ms
--------------------
--------------------
--------------------
--------------------
--------------------
--------------------
--------------------
--------------------
------------[31mX[m-------
-----------[34mO[m--------
---------[31mX[m[34mO[m[31mX[m--------
---------[34mO[m----------
-----[34mO[m-[34mO[m[31mX[m[34mO[m[31mX[m[34mO[m--------
------[31mX[m[31mX[m[34mO[m[34mO[m[31mX[m---------
------[34mO[m[31mX[m[34mO[m[31mX[m[34mO[m---------
-------[31mX[m[31mX[m[34mO[m--[31mX[m-------
-------[34mO[m[31mX[m[31mX[m[31mX[m[34mO[m--------
--------[31mX[m[34mO[m[34mO[m---------
--------[32mO[m-----------
--------------------


Move 36:
Player2: 11,6
Time: 2178.487ms
--------------------
--------------------
--------------------
--------------------
--------------------
--------------------
--------------------
--------------------
------------[31mX[m-------
-----------[34mO[m--------
---------[31mX[m[34mO[m[31mX[m--------
------[32mX[m--[34mO[m----------
-----[34mO[m-[34mO[m[31mX[m[34mO[m[31mX[m[34mO[m--------
------[31mX[m[31mX[m[34mO[m[34mO[m[31mX[m---------
------[34mO[m[31mX[m[34mO[m[31mX[m[34mO[m---------
-------[31mX[m[31mX[m[34mO[m--[31mX[m-------
-------[34mO[m[31mX[m[31mX[m[31mX[m[34mO[m--------
--------[31mX[m[34mO[m[34mO[m---------
--------[34mO[m-----------
--------------------


Move 37:
Player1: 14,11
Time: 2204.700ms
--------------------
--------------------
--------------------
--------------------
--------------------
--------------------
--------------------
--------------------
------------[31mX[m-------
-----------[34mO[m--------
---------[31mX[m[34mO[m[31mX[m--------
------[31mX[m--[34mO[m----------
-----[34mO[m-[34mO[m[31mX[m[34mO[m[31mX[m[34mO[m--------
------[31mX[m[31mX[m[34mO[m[34mO[m[31mX[m---------
------[34mO[m[31mX[m[34mO[m[31mX[m[34mO[m[32mO[m--------
-------[31mX[m[31mX[m[34mO[m--[31mX[m-------
-------[34mO[m[31mX[m[31mX[m[31mX[m[34mO[m--------
--------[31mX[m[34mO[m[34mO[m---------
--------[34mO[m-----------
--------------------


Move 38:
Player2: 15,11
Time: 2193.296ms
--------------------
--------------------
--------------------
--------------------
--------------------
--------------------
--------------------
--------------------
------------[31mX[m-------
-----------[34mO[m--------
---------[31mX[m[34mO[m[31mX[m--------
------[31mX[m--[34mO[m----------
-----[34mO[m-[34mO[m[31mX[m[34mO[m[31mX[m[34mO[m--------
------[31mX[m[31mX[m[34mO[m[34mO[m[31mX[m---------
------[34mO[m[31mX[m[34mO[m[31mX[m[34mO[m[34mO[m--------
-------[31mX[m[31mX[m[34mO[m-[32mX[m[31mX[m-------
-------[34mO[m[31mX[m[31mX[m[31mX[m[34mO[m--------
--------[31mX[m[34mO[m[34mO[m---------
--------[34mO[m-----------
--------------------


Move 39:
Player1: 15,10
Time: 2206.784ms
--------------------
--------------------
--------------------
--------------------
--------------------
--------------------
--------------------
--------------------
------------[31mX[m-------
-----------[34mO[m--------
---------[31mX[m[34mO[m[31mX[m--------
------[31mX[m--[34mO[m----------
-----[34mO[m-[34mO[m[31mX[m[34mO[m[31mX[m[34mO[m--------
------[31mX[m[31mX[m[34mO[m[34mO[m[31mX[m---------
------[34mO[m[31mX[m[34mO[m[31mX[m[34mO[m[34mO[m--------
-------[31mX[m[31mX[m[34mO[m[32mO[m[31mX[m[31mX[m-------
-------[34mO[m[31mX[m[31mX[m[31mX[m[34mO[m--------
--------[31mX[m[34mO[m[34mO[m---------
--------[34mO[m-----------
--------------------


Move 40:
Player2: 13,11
Time: 2219.580ms
--------------------
--------------------
--------------------
--------------------
--------------------
--------------------
--------------------
--------------------
------------[31mX[m-------
-----------[34mO[m--------
---------[31mX[m[34mO[m[31mX[m--------
------[31mX[m--[34mO[m----------
-----[34mO[m-[34mO[m[31mX[m[34mO[m[31mX[m[34mO[m--------
------[31mX[m[31mX[m[34mO[m[34mO[m[31mX[m[32mX[m--------
------[34mO[m[31mX[m[34mO[m[31mX[m[34mO[m[34mO[m--------
-------[31mX[m[31mX[m[34mO[m[34mO[m[31mX[m[31mX[m-------
-------[34mO[m[31mX[m[31mX[m[31mX[m[34mO[m--------
--------[31mX[m[34mO[m[34mO[m---------
--------[34mO[m-----------
--------------------


Move 41:
Player1: 14,12
Time: 2236.276ms
--------------------
--------------------
--------------------
--------------------
--------------------
--------------------
--------------------
--------------------
------------[31mX[m-------
-----------[34mO[m--------
---------[31mX[m[34mO[m[31mX[m--------
------[31mX[m--[34mO[m----------
-----[34mO[m-[34mO[m[31mX[m[34mO[m[31mX[m[34mO[m--------
------[31mX[m[31mX[m[34mO[m[34mO[m[31mX[m[31mX[m--------
------[34mO[m[31mX[m[34mO[m[31mX[m[34mO[m[34mO[m[32mO[m-------
-------[31mX[m[31mX[m[34mO[m[34mO[m[31mX[m[31mX[m-------
-------[34mO[m[31mX[m[31mX[m[31mX[m[34mO[m--------
--------[31mX[m[34mO[m[34mO[m---------
--------[34mO[m-----------
--------------------


Move 42:
Player2: 14,13
Time: 2223.384ms
--------------------
--------------------
--------------------
--------------------
--------------------
--------------------
--------------------
--------------------
------------[31mX[m-------
-----------[34mO[m--------
---------[31mX[m[34mO[m[31mX[m--------
------[31mX[m--[34mO[m----------
-----[34mO[m-[34mO[m[31mX[m[34mO[m[31mX[m[34mO[m--------
------[31mX[m[31mX[m[34mO[m[34mO[m[31mX[m[31mX[m--------
------[34mO[m[31mX[m[34mO[m[31mX[m[34mO[m[34mO[m[34mO[m[32mX[m------
-------[31mX[m[31mX[m[34mO[m[34mO[m[31mX[m[31mX[m-------
-------[34mO[m[31mX[m[31mX[m[31mX[m[34mO[m--------
--------[31mX[m[34mO[m[34mO[m---------
--------[34mO[m-----------
--------------------


Move 43:
Player1: 12,6
Time: 2220.874ms
--------------------
--------------------
--------------------
--------------------
--------------------
--------------------
--------------------
--------------------
------------[31mX[m-------
-----------[34mO[m--------
---------[31mX[m[34mO[m[31mX[m--------
------[31mX[m--[34mO[m----------
-----[34mO[m[32mO[m[34mO[m[31mX[m[34mO[m[31mX[m[34mO[m--------
------[31mX[m[31mX[m[34mO[m[34mO[m[31mX[m[31mX[m--------
------[34mO[m[31mX[m[34mO[m[31mX[m[34mO[m[34mO[m[34mO[m[31mX[m------
-------[31mX[m[31mX[m[34mO[m[34mO[m[31mX[m[31mX[m-------
-------[34mO[m[31mX[m[31mX[m[31mX[m[34mO[m--------
--------[31mX[m[34mO[m[34mO[m---------
--------[34mO[m-----------
--------------------


Move 44:
Player2: 12,4
Time: 2224.639ms
--------------------
--------------------
--------------------
--------------------
--------------------
--------------------
--------------------
--------------------
------------[31mX[m-------
-----------[34mO[m--------
---------[31mX[m[34mO[m[31mX[m--------
------[31mX[m--[34mO[m----------
----[32mX[m[34mO[m[34mO[m[34mO[m[31mX[m[34mO[m[31mX[m[34mO[m--------
------[31mX[m[31mX[m[34mO[m[34mO[m[31mX[m[31mX[m--------
------[34mO[m[31mX[m[34mO[m[31mX[m[34mO[m[34mO[m[34mO[m[31mX[m------
-------[31mX[m[31mX[m[34mO[m[34mO[m[31mX[m[31mX[m-------
-------[34mO[m[31mX[m[31mX[m[31mX[m[34mO[m--------
--------[31mX[m[34mO[m[34mO[m---------
--------[34mO[m-----------
--------------------


Move 45:
Player1: 13,12
Time: 2296.250ms
--------------------
--------------------
--------------------
--------------------
--------------------
--------------------
--------------------
--------------------
------------[31mX[m-------
-----------[34mO[m--------
---------[31mX[m[34mO[m[31mX[m--------
------[31mX[m--[34mO[m----------
----[31mX[m[34mO[m[34mO[m[34mO[m[31mX[m[34mO[m[31mX[m[34mO[m--------
------[31mX[m[31mX[m[34mO[m[34mO[m[31mX[m[31mX[m[32mO[m-------
------[34mO[m[31mX[m[34mO[m[31mX[m[34mO[m[34mO[m[34mO[m[31mX[m------
-------[31mX[m[31mX[m[34mO[m[34mO[m[31mX[m[31mX[m-------
-------[34mO[m[31mX[m[31mX[m[31mX[m[34mO[m--------
--------[31mX[m[34mO[m[34mO[m---------
--------[34mO[m-----------
--------------------


Move 46:
Player2: 12,13
Time: 2257.238ms
--------------------
--------------------
--------------------
--------------------
--------------------
--------------------
--------------------
--------------------
------------[31mX[m-------
-----------[34mO[m--------
---------[31mX[m[34mO[m[31mX[m--------
------[31mX[m--[34mO[m----------
----[31mX[m[34mO[m[34mO[m[34mO[m[31mX[m[34mO[m[31mX[m[34mO[m-[32mX[m------
------[31mX[m[31mX[m[34mO[m[34mO[m[31mX[m[31mX[m[34mO[m-------
------[34mO[m[31mX[m[34mO[m[31mX[m[34mO[m[34mO[m[34mO[m[31mX[m------
-------[31mX[m[31mX[m[34mO[m[34mO[m[31mX[m[31mX[m-------
-------[34mO[m[31mX[m[31mX[m[31mX[m[34mO[m--------
--------[31mX[m[34mO[m[34mO[m---------
--------[34mO[m-----------
--------------------


Move 47:
Player1: 15,13
Time: 2260.521ms
--------------------
--------------------
--------------------
--------------------
--------------------
--------------------
--------------------
--------------------
------------[31mX[m-------
-----------[34mO[m--------
---------[31mX[m[34mO[m[31mX[m--------
------[31mX[m--[34mO[m----------
----[31mX[m[34mO[m[34mO[m[34mO[m[31mX[m[34mO[m[31mX[m[34mO[m-[31mX[m------
------[31mX[m[31mX[m[34mO[m[34mO[m[31mX[m[31mX[m[34mO[m-------
------[34mO[m[31mX[m[34mO[m[31mX[m[34mO[m[34mO[m[34mO[m[31mX[m------
-------[31mX[m[31mX[m[34mO[m[34mO[m[31mX[m[31mX[m[32mO[m------
-------[34mO[m[31mX[m[31mX[m[31mX[m[34mO[m--------
--------[31mX[m[34mO[m[34mO[m---------
--------[34mO[m-----------
--------------------


Move 48:
Player2: 17,12
Time: 2279.468ms
--------------------
--------------------
--------------------
--------------------
--------------------
--------------------
--------------------
--------------------
------------[31mX[m-------
-----------[34mO[m--------
---------[31mX[m[34mO[m[31mX[m--------
------[31mX[m--[34mO[m----------
----[31mX[m[34mO[m[34mO[m[34mO[m[31mX[m[34mO[m[31mX[m[34mO[m-[31mX[m------
------[31mX[m[31mX[m[34mO[m[34mO[m[31mX[m[31mX[m[34mO[m-------
------[34mO[m[31mX[m[34mO[m[31mX[m[34mO[m[34mO[m[34mO[m[31mX[m------
-------[31mX[m[31mX[m[34mO[m[34mO[m[31mX[m[31mX[m[34mO[m------
-------[34mO[m[31mX[m[31mX[m[31mX[m[34mO[m--------
--------[31mX[m[34mO[m[34mO[m-[32mX[m-------
--------[34mO[m-----------
--------------------


Move 49:
Player1: 11,12
Time: 2243.893ms
--------------------
--------------------
--------------------
--------------------
--------------------
--------------------
--------------------
--------------------
------------[31mX[m-------
-----------[34mO[m--------
---------[31mX[m[34mO[m[31mX[m--------
------[31mX[m--[34mO[m--[32mO[m-------
----[31mX[m[34mO[m[34mO[m[34mO[m[31mX[m[34mO[m[31mX[m[34mO[m-[31mX[m------
------[31mX[m[31mX[m[34mO[m[34mO[m[31mX[m[31mX[m[34mO[m-------
------[34mO[m[31mX[m[34mO[m[31mX[m[34mO[m[34mO[m[34mO[m[31mX[m------
-------[31mX[m[31mX[m[34mO[m[34mO[m[31mX[m[31mX[m[34mO[m------
-------[34mO[m[31mX[m[31mX[m[31mX[m[34mO[m--------
--------[31mX[m[34mO[m[34mO[m-[31mX[m-------
--------[34mO[m-----------
--------------------


Move 50:
Player2: 12,12
Time: 2286.577ms
--------------------
--------------------
--------------------
--------------------
--------------------
--------------------
--------------------
--------------------
------------[31mX[m-------
-----------[34mO[m--------
---------[31mX[m[34mO[m[31mX[m--------
------[31mX[m--[34mO[m--[34mO[m-------
----[31mX[m[34mO[m[34mO[m[34mO[m[31mX[m[34mO[m[31mX[m[34mO[m[32mX[m[31mX[m------
------[31mX[m[31mX[m[34mO[m[34mO[m[31mX[m[31mX[m[34mO[m-------
------[34mO[m[31mX[m[34mO[m[31mX[m[34mO[m[34mO[m[34mO[m[31mX[m------
-------[31mX[m[31mX[m[34mO[m[34mO[m[31mX[m[31mX[m[34mO[m------
-------[34mO[m[31mX[m[31mX[m[31mX[m[34mO[m--------
--------[31mX[m[34mO[m[34mO[m-[31mX[m-------
--------[34mO[m-----------
--------------------


Move 51:
Player1: 11,13
Time: 2310.756ms
--------------------
--------------------
--------------------
--------------------
--------------------
--------------------
--------------------
--------------------
------------[31mX[m-------
-----------[34mO[m--------
---------[31mX[m[34mO[m[31mX[m--------
------[31mX[m--[34mO[m--[34mO[m[32mO[m------
----[31mX[m[34mO[m[34mO[m[34mO[m[31mX[m[34mO[m[31mX[m[34mO[m[31mX[m[31mX[m------
------[31mX[m[31mX[m[34mO[m[34mO[m[31mX[m[31mX[m[34mO[m-------
------[34mO[m[31mX[m[34mO[m[31mX[m[34mO[m[34mO[m[34mO[m[31mX[m------
-------[31mX[m[31mX[m[34mO[m[34mO[m[31mX[m[31mX[m[34mO[m------
-------[34mO[m[31mX[m[31mX[m[31mX[m[34mO[m--------
--------[31mX[m[34mO[m[34mO[m-[31mX[m-------
--------[34mO[m-----------
--------------------


Move 52:
Player2: 11,10
Time: 2279.550ms
--------------------
--------------------
--------------------
--------------------
--------------------
--------------------
--------------------
--------------------
------------[31mX[m-------
-----------[34mO[m--------
---------[31mX[m[34mO[m[31mX[m--------
------[31mX[m--[34mO[m[32mX[m-[34mO[m[34mO[m------
----[31mX[m[34mO[m[34mO[m[34mO[m[31mX[m[34mO[m[31mX[m[34mO[m[31mX[m[31mX[m------
------[31mX[m[31mX[m[34mO[m[34mO[m[31mX[m[31mX[m[34mO[m-------
------[34mO[m[31mX[m[34mO[m[31mX[m[34mO[m[34mO[m[34mO[m[31mX[m------
-------[31mX[m[31mX[m[34mO[m[34mO[m[31mX[m[31mX[m[34mO[m------
-------[34mO[m[31mX[m[31mX[m[31mX[m[34mO[m--------
--------[31mX[m[34mO[m[34mO[m-[31mX[m-------
--------[34mO[m-----------
--------------------


Move 53:
Player1: 12,14
Time: 2332.217ms
--------------------
--------------------
--------------------
--------------------
--------------------
--------------------
--------------------
--------------------
------------[31mX[m-------
-----------[34mO[m--------
---------[31mX[m[34mO[m[31mX[m--------
------[31mX[m--[34mO[m[31mX[m-[34mO[m[34mO[m------
----[31mX[m[34mO[m[34mO[m[34mO[m[31mX[m[34mO[m[31mX[m[34mO[m[31mX[m[31mX[m[32mO[m-----
------[31mX[m[31mX[m[34mO[m[34mO[m[31mX[m[31mX[m[34mO[m-------
------[34mO[m[31mX[m[34mO[m[31mX[m[34mO[m[34mO[m[34mO[m[31mX[m------
-------[31mX[m[31mX[m[34mO[m[34mO[m[31mX[m[31mX[m[34mO[m------
-------[34mO[m[31mX[m[31mX[m[31mX[m[34mO[m--------
--------[31mX[m[34mO[m[34mO[m-[31mX[m-------
--------[34mO[m-----------
--------------------


Move 54:
Player2: 10,12
Time: 2300.846ms
--------------------
--------------------
--------------------
--------------------
--------------------
--------------------
--------------------
--------------------
------------[31mX[m-------
-----------[34mO[m--------
---------[31mX[m[34mO[m[31mX[m[32mX[m-------
------[31mX[m--[34mO[m[31mX[m-[34mO[m[34mO[m------
----[31mX[m[34mO[m[34mO[m[34mO[m[31mX[m[34mO[m[31mX[m[34mO[m[31mX[m[31mX[m[34mO[m-----
------[31mX[m[31mX[m[34mO[m[34mO[m[31mX[m[31mX[m[34mO[m-------
------[34mO[m[31mX[m[34mO[m[31mX[m[34mO[m[34mO[m[34mO[m[31mX[m------
-------[31mX[m[31mX[m[34mO[m[34mO[m[31mX[m[31mX[m[34mO[m------
-------[34mO[m[31mX[m[31mX[m[31mX[m[34mO[m--------
--------[31mX[m[34mO[m[34mO[m-[31mX[m-------
--------[34mO[m-----------
--------------------


Move 55:
Player1: 9,12
Time: 2309.407ms
--------------------
--------------------
--------------------
--------------------
--------------------
--------------------
--------------------
--------------------
------------[31mX[m-------
-----------[34mO[m[32mO[m-------
---------[31mX[m[34mO[m[31mX[m[31mX[m-------
------[31mX[m--[34mO[m[31mX[m-[34mO[m[34mO[m------
----[31mX[m[34mO[m[34mO[m[34mO[m[31mX[m[34mO[m[31mX[m[34mO[m[31mX[m[31mX[m[34mO[m-----
------[31mX[m[31mX[m[34mO[m[34mO[m[31mX[m[31mX[m[34mO[m-------
------[34mO[m[31mX[m[34mO[m[31mX[m[34mO[m[34mO[m[34mO[m[31mX[m------
-------[31mX[m[31mX[m[34mO[m[34mO[m[31mX[m[31mX[m[34mO[m------
-------[34mO[m[31mX[m[31mX[m[31mX[m[34mO[m--------
--------[31mX[m[34mO[m[34mO[m-[31mX[m-------
--------[34mO[m-----------
--------------------


Move 56:
Player2: 9,13
Time: 2332.607ms
--------------------
--------------------
--------------------
--------------------
--------------------
--------------------
--------------------
--------------------
------------[31mX[m-------
-----------[34mO[m[34mO[m[32mX[m------
---------[31mX[m[34mO[m[31mX[m[31mX[m-------
------[31mX[m--[34mO[m[31mX[m-[34mO[m[34mO[m------
----[31mX[m[34mO[m[34mO[m[34mO[m[31mX[m[34mO[m[31mX[m[34mO[m[31mX[m[31mX[m[34mO[m-----
------[31mX[m[31mX[m[34mO[m[34mO[m[31mX[m[31mX[m[34mO[m-------
------[34mO[m[31mX[m[34mO[m[31mX[m[34mO[m[34mO[m[34mO[m[31mX[m------
-------[31mX[m[31mX[m[34mO[m[34mO[m[31mX[m[31mX[m[34mO[m------
-------[34mO[m[31mX[m[31mX[m[31mX[m[34mO[m--------
--------[31mX[m[34mO[m[34mO[m-[31mX[m-------
--------[34mO[m-----------
--------------------


Move 57:
Player1: 11,11
Time: 2295.934ms
--------------------
--------------------
--------------------
--------------------
--------------------
--------------------
--------------------
--------------------
------------[31mX[m-------
-----------[34mO[m[34mO[m[31mX[m------
---------[31mX[m[34mO[m[31mX[m[31mX[m-------
------[31mX[m--[34mO[m[31mX[m[32mO[m[34mO[m[34mO[m------
----[31mX[m[34mO[m[34mO[m[34mO[m[31mX[m[34mO[m[31mX[m[34mO[m[31mX[m[31mX[m[34mO[m-----
------[31mX[m[31mX[m[34mO[m[34mO[m[31mX[m[31mX[m[34mO[m-------
------[34mO[m[31mX[m[34mO[m[31mX[m[34mO[m[34mO[m[34mO[m[31mX[m------
-------[31mX[m[31mX[m[34mO[m[34mO[m[31mX[m[31mX[m[34mO[m------
-------[34mO[m[31mX[m[31mX[m[31mX[m[34mO[m--------
--------[31mX[m[34mO[m[34mO[m-[31mX[m-------
--------[34mO[m-----------
--------------------


Move 58:
Player2: 11,14
Time: 2334.942ms
--------------------
--------------------
--------------------
--------------------
--------------------
--------------------
--------------------
--------------------
------------[31mX[m-------
-----------[34mO[m[34mO[m[31mX[m------
---------[31mX[m[34mO[m[31mX[m[31mX[m-------
------[31mX[m--[34mO[m[31mX[m[34mO[m[34mO[m[34mO[m[32mX[m-----
----[31mX[m[34mO[m[34mO[m[34mO[m[31mX[m[34mO[m[31mX[m[34mO[m[31mX[m[31mX[m[34mO[m-----
------[31mX[m[31mX[m[34mO[m[34mO[m[31mX[m[31mX[m[34mO[m-------
------[34mO[m[31mX[m[34mO[m[31mX[m[34mO[m[34mO[m[34mO[m[31mX[m------
-------[31mX[m[31mX[m[34mO[m[34mO[m[31mX[m[31mX[m[34mO[m------
-------[34mO[m[31mX[m[31mX[m[31mX[m[34mO[m--------
--------[31mX[m[34mO[m[34mO[m-[31mX[m-------
--------[34mO[m-----------
--------------------


Move 59:
Player1: 10,14
Time: 2311.079ms
--------------------
--------------------
--------------------
--------------------
--------------------
--------------------
--------------------
--------------------
------------[31mX[m-------
-----------[34mO[m[34mO[m[31mX[m------
---------[31mX[m[34mO[m[31mX[m[31mX[m-[32mO[m-----
------[31mX[m--[34mO[m[31mX[m[34mO[m[34mO[m[34mO[m[31mX[m-----
----[31mX[m[34mO[m[34mO[m[34mO[m[31mX[m[34mO[m[31mX[m[34mO[m[31mX[m[31mX[m[34mO[m-----
------[31mX[m[31mX[m[34mO[m[34mO[m[31mX[m[31mX[m[34mO[m-------
------[34mO[m[31mX[m[34mO[m[31mX[m[34mO[m[34mO[m[34mO[m[31mX[m------
-------[31mX[m[31mX[m[34mO[m[34mO[m[31mX[m[31mX[m[34mO[m------
-------[34mO[m[31mX[m[31mX[m[31mX[m[34mO[m--------
--------[31mX[m[34mO[m[34mO[m-[31mX[m-------
--------[34mO[m-----------
--------------------


Move 60:
Player2: 9,9
Time: 2349.234ms
--------------------
--------------------
--------------------
--------------------
--------------------
--------------------
--------------------
--------------------
------------[31mX[m-------
---------[32mX[m-[34mO[m[34mO[m[31mX[m------
---------[31mX[m[34mO[m[31mX[m[31mX[m-[34mO[m-----
------[31mX[m--[34mO[m[31mX[m[34mO[m[34mO[m[34mO[m[31mX[m-----
----[31mX[m[34mO[m[34mO[m[34mO[m[31mX[m[34mO[m[31mX[m[34mO[m[31mX[m[31mX[m[34mO[m-----
------[31mX[m[31mX[m[34mO[m[34mO[m[31mX[m[31mX[m[34mO[m-------
------[34mO[m[31mX[m[34mO[m[31mX[m[34mO[m[34mO[m[34mO[m[31mX[m------
-------[31mX[m[31mX[m[34mO[m[34mO[m[31mX[m[31mX[m[34mO[m------
-------[34mO[m[31mX[m[31mX[m[31mX[m[34mO[m--------
--------[31mX[m[34mO[m[34mO[m-[31mX[m-------
--------[34mO[m-----------
--------------------


Move 61:
Player1: 8,9
Time: 2355.260ms
--------------------
--------------------
--------------------
--------------------
--------------------
--------------------
--------------------
--------------------
---------[32mO[m--[31mX[m-------
---------[31mX[m-[34mO[m[34mO[m[31mX[m------
---------[31mX[m[34mO[m[31mX[m[31mX[m-[34mO[m-----
------[31mX[m--[34mO[m[31mX[m[34mO[m[34mO[m[34mO[m[31mX[m-----
----[31mX[m[34mO[m[34mO[m[34mO[m[31mX[m[34mO[m[31mX[m[34mO[m[31mX[m[31mX[m[34mO[m-----
------[31mX[m[31mX[m[34mO[m[34mO[m[31mX[m[31mX[m[34mO[m-------
------[34mO[m[31mX[m[34mO[m[31mX[m[34mO[m[34mO[m[34mO[m[31mX[m------
-------[31mX[m[31mX[m[34mO[m[34mO[m[31mX[m[31mX[m[34mO[m------
-------[34mO[m[31mX[m[31mX[m[31mX[m[34mO[m--------
--------[31mX[m[34mO[m[34mO[m-[31mX[m-------
--------[34mO[m-----------
--------------------


